[2022-10-17T08:46:31.760] [WARN] default - needBreak--chainid:1,nftAddress:0xBC4CA0EdA7647A8aB7C2061c2E118A18a936f13D,tokenid:9955,nonce:2,finalValue:0,lastNonce:40,voters:19
[2022-10-17T08:46:37.079] [WARN] default - needBreak--chainid:1,nftAddress:0xBC4CA0EdA7647A8aB7C2061c2E118A18a936f13D,tokenid:9955,nonce:3,finalValue:0,lastNonce:40,voters:11
[2022-10-17T08:47:10.662] [WARN] default - needBreak--chainid:1,nftAddress:0xBC4CA0EdA7647A8aB7C2061c2E118A18a936f13D,tokenid:9955,nonce:4,finalValue:0,lastNonce:40,voters:37
[2022-10-17T08:47:19.486] [WARN] default - needBreak--chainid:1,nftAddress:0xBC4CA0EdA7647A8aB7C2061c2E118A18a936f13D,tokenid:8585,nonce:2,finalValue:0,lastNonce:45,voters:21
[2022-10-17T08:47:25.490] [WARN] default - needBreak--chainid:1,nftAddress:0xBC4CA0EdA7647A8aB7C2061c2E118A18a936f13D,tokenid:1015,nonce:2,finalValue:0,lastNonce:101,voters:12
[2022-10-17T08:47:35.169] [WARN] default - needBreak--chainid:1,nftAddress:0xBC4CA0EdA7647A8aB7C2061c2E118A18a936f13D,tokenid:1015,nonce:3,finalValue:0,lastNonce:101,voters:5
[2022-10-17T08:47:44.670] [WARN] default - needBreak--chainid:1,nftAddress:0xBC4CA0EdA7647A8aB7C2061c2E118A18a936f13D,tokenid:9955,nonce:5,finalValue:0,lastNonce:40,voters:10
[2022-10-17T08:47:50.143] [WARN] default - needBreak--chainid:1,nftAddress:0xBC4CA0EdA7647A8aB7C2061c2E118A18a936f13D,tokenid:8585,nonce:3,finalValue:0,lastNonce:45,voters:8
[2022-10-17T08:48:03.929] [WARN] default - needBreak--chainid:56,nftAddress:0xF24Bf668Aa087990f1d40aBAbF841456E771913c,tokenid:180011,nonce:3,finalValue:0,lastNonce:7,voters:6
[2022-10-17T08:48:09.393] [WARN] default - needBreak--chainid:56,nftAddress:0xa1f7a5208f78b02ea4ECceC3Da663b5CD9a9e912,tokenid:13362,nonce:2,finalValue:0,lastNonce:8,voters:14
[2022-10-17T08:48:53.818] [WARN] default - needBreak--chainid:1,nftAddress:0xBC4CA0EdA7647A8aB7C2061c2E118A18a936f13D,tokenid:1015,nonce:5,finalValue:0,lastNonce:101,voters:25
[2022-10-17T08:48:59.463] [WARN] default - needBreak--chainid:1,nftAddress:0xBD4455dA5929D5639EE098ABFaa3241e9ae111Af,tokenid:1015,nonce:2,finalValue:0,lastNonce:86,voters:11
[2022-10-17T08:49:16.958] [WARN] default - needBreak--chainid:1,nftAddress:0xBC4CA0EdA7647A8aB7C2061c2E118A18a936f13D,tokenid:1015,nonce:6,finalValue:0,lastNonce:101,voters:15
[2022-10-17T08:49:34.695] [WARN] default - needBreak--chainid:1,nftAddress:0xBC4CA0EdA7647A8aB7C2061c2E118A18a936f13D,tokenid:1015,nonce:7,finalValue:0,lastNonce:101,voters:12
[2022-10-17T08:49:44.217] [WARN] default - needBreak--chainid:1,nftAddress:0xBC4CA0EdA7647A8aB7C2061c2E118A18a936f13D,tokenid:1015,nonce:8,finalValue:0,lastNonce:101,voters:7
[2022-10-17T08:49:53.930] [WARN] default - needBreak--chainid:56,nftAddress:0xa1f7a5208f78b02ea4ECceC3Da663b5CD9a9e912,tokenid:13362,nonce:3,finalValue:0,lastNonce:8,voters:19
[2022-10-17T08:50:12.189] [WARN] default - needBreak--chainid:1,nftAddress:0x49cF6f5d44E70224e2E23fDcdd2C053F30aDA28B,tokenid:1015,nonce:3,finalValue:0,lastNonce:46,voters:17
[2022-10-17T08:50:17.681] [WARN] default - needBreak--chainid:1,nftAddress:0xBD4455dA5929D5639EE098ABFaa3241e9ae111Af,tokenid:1015,nonce:5,finalValue:0,lastNonce:86,voters:10
[2022-10-17T08:50:47.857] [WARN] default - needBreak--chainid:1,nftAddress:0xBC4CA0EdA7647A8aB7C2061c2E118A18a936f13D,tokenid:8585,nonce:7,finalValue:0,lastNonce:45,voters:26
[2022-10-17T08:50:53.517] [WARN] default - needBreak--chainid:1,nftAddress:0xBD4455dA5929D5639EE098ABFaa3241e9ae111Af,tokenid:1015,nonce:6,finalValue:0,lastNonce:86,voters:17
[2022-10-17T08:50:59.180] [WARN] default - needBreak--chainid:1,nftAddress:0xBC4CA0EdA7647A8aB7C2061c2E118A18a936f13D,tokenid:1015,nonce:10,finalValue:0,lastNonce:101,voters:11
[2022-10-17T08:51:04.676] [WARN] default - needBreak--chainid:1,nftAddress:0xED5AF388653567Af2F388E6224dC7C4b3241C544,tokenid:1015,nonce:4,finalValue:0,lastNonce:86,voters:5
[2022-10-17T08:51:11.539] [WARN] default - needBreak--chainid:56,nftAddress:0xF24Bf668Aa087990f1d40aBAbF841456E771913c,tokenid:180011,nonce:5,finalValue:0,lastNonce:7,voters:7
[2022-10-17T08:51:26.001] [WARN] default - needBreak--chainid:1,nftAddress:0x49cF6f5d44E70224e2E23fDcdd2C053F30aDA28B,tokenid:1015,nonce:5,finalValue:0,lastNonce:46,voters:8
[2022-10-17T08:51:31.618] [WARN] default - needBreak--chainid:1,nftAddress:0xBC4CA0EdA7647A8aB7C2061c2E118A18a936f13D,tokenid:1015,nonce:11,finalValue:0,lastNonce:101,voters:8
[2022-10-17T08:51:45.226] [WARN] default - needBreak--chainid:1,nftAddress:0x34d85c9CDeB23FA97cb08333b511ac86E1C4E258,tokenid:1015,nonce:4,finalValue:0,lastNonce:66,voters:9
[2022-10-17T08:52:19.702] [WARN] default - needBreak--chainid:1,nftAddress:0xBD4455dA5929D5639EE098ABFaa3241e9ae111Af,tokenid:1015,nonce:7,finalValue:0,lastNonce:86,voters:22
[2022-10-17T08:52:29.012] [WARN] default - needBreak--chainid:1,nftAddress:0xED5AF388653567Af2F388E6224dC7C4b3241C544,tokenid:1015,nonce:6,finalValue:0,lastNonce:86,voters:17
[2022-10-17T08:52:43.053] [WARN] default - needBreak--chainid:1,nftAddress:0x49cF6f5d44E70224e2E23fDcdd2C053F30aDA28B,tokenid:1015,nonce:7,finalValue:0,lastNonce:46,voters:5
[2022-10-17T08:52:48.340] [WARN] default - needBreak--chainid:1,nftAddress:0xBD4455dA5929D5639EE098ABFaa3241e9ae111Af,tokenid:1015,nonce:8,finalValue:0,lastNonce:86,voters:8
[2022-10-17T08:52:57.837] [WARN] default - needBreak--chainid:56,nftAddress:0xADc466855ebe8d1402C5F7e6706Fccc3AEdB44a0,tokenid:845285,nonce:6,finalValue:0,lastNonce:15,voters:6
[2022-10-17T08:53:31.192] [WARN] default - needBreak--chainid:1,nftAddress:0xED5AF388653567Af2F388E6224dC7C4b3241C544,tokenid:1015,nonce:8,finalValue:0,lastNonce:86,voters:7
[2022-10-17T08:53:37.392] [WARN] default - needBreak--chainid:1,nftAddress:0xBC4CA0EdA7647A8aB7C2061c2E118A18a936f13D,tokenid:9955,nonce:10,finalValue:0,lastNonce:40,voters:8
[2022-10-17T08:53:42.855] [WARN] default - needBreak--chainid:1,nftAddress:0x34d85c9CDeB23FA97cb08333b511ac86E1C4E258,tokenid:1015,nonce:8,finalValue:0,lastNonce:66,voters:7
[2022-10-17T08:54:26.732] [WARN] default - needBreak--chainid:56,nftAddress:0x210633Ec077F1823003A0c927b351d8Fa21Da4B8,tokenid:185,nonce:2,finalValue:0,lastNonce:5,voters:7
[2022-10-17T08:55:01.339] [WARN] default - needBreak--chainid:1,nftAddress:0xBC4CA0EdA7647A8aB7C2061c2E118A18a936f13D,tokenid:1015,nonce:15,finalValue:0,lastNonce:102,voters:6
[2022-10-17T08:55:14.516] [WARN] default - needBreak--chainid:1,nftAddress:0xBD4455dA5929D5639EE098ABFaa3241e9ae111Af,tokenid:1015,nonce:11,finalValue:0,lastNonce:86,voters:16
[2022-10-17T08:55:56.967] [WARN] default - needBreak--chainid:1,nftAddress:0xED5AF388653567Af2F388E6224dC7C4b3241C544,tokenid:1015,nonce:13,finalValue:0,lastNonce:86,voters:10
[2022-10-17T08:56:02.619] [WARN] default - needBreak--chainid:1,nftAddress:0xBC4CA0EdA7647A8aB7C2061c2E118A18a936f13D,tokenid:1015,nonce:16,finalValue:0,lastNonce:102,voters:26
[2022-10-17T08:56:08.116] [WARN] default - needBreak--chainid:1,nftAddress:0xED5AF388653567Af2F388E6224dC7C4b3241C544,tokenid:1015,nonce:14,finalValue:0,lastNonce:86,voters:10
[2022-10-17T08:56:17.815] [WARN] default - needBreak--chainid:1,nftAddress:0xBC4CA0EdA7647A8aB7C2061c2E118A18a936f13D,tokenid:1015,nonce:17,finalValue:0,lastNonce:102,voters:6
[2022-10-17T08:56:27.495] [WARN] default - needBreak--chainid:1,nftAddress:0xED5AF388653567Af2F388E6224dC7C4b3241C544,tokenid:1015,nonce:15,finalValue:0,lastNonce:86,voters:8
[2022-10-17T08:56:47.110] [WARN] default - needBreak--chainid:1,nftAddress:0xBC4CA0EdA7647A8aB7C2061c2E118A18a936f13D,tokenid:1015,nonce:18,finalValue:0,lastNonce:102,voters:8
[2022-10-17T08:57:01.532] [WARN] default - needBreak--chainid:1,nftAddress:0xBD4455dA5929D5639EE098ABFaa3241e9ae111Af,tokenid:1015,nonce:13,finalValue:0,lastNonce:86,voters:13
[2022-10-17T08:57:15.422] [WARN] default - needBreak--chainid:1,nftAddress:0xBD4455dA5929D5639EE098ABFaa3241e9ae111Af,tokenid:1015,nonce:14,finalValue:0,lastNonce:86,voters:6
[2022-10-17T08:57:20.895] [WARN] default - needBreak--chainid:1,nftAddress:0xBC4CA0EdA7647A8aB7C2061c2E118A18a936f13D,tokenid:8585,nonce:14,finalValue:0,lastNonce:45,voters:5
[2022-10-17T08:57:43.732] [WARN] default - needBreak--chainid:1,nftAddress:0xED5AF388653567Af2F388E6224dC7C4b3241C544,tokenid:1015,nonce:17,finalValue:0,lastNonce:86,voters:11
[2022-10-17T08:58:07.148] [WARN] default - needBreak--chainid:1,nftAddress:0xBD4455dA5929D5639EE098ABFaa3241e9ae111Af,tokenid:1015,nonce:16,finalValue:0,lastNonce:86,voters:5
[2022-10-17T08:58:25.013] [WARN] default - needBreak--chainid:1,nftAddress:0xBD4455dA5929D5639EE098ABFaa3241e9ae111Af,tokenid:1015,nonce:17,finalValue:0,lastNonce:86,voters:5
[2022-10-17T08:58:46.449] [WARN] default - needBreak--chainid:1,nftAddress:0xED5AF388653567Af2F388E6224dC7C4b3241C544,tokenid:1015,nonce:18,finalValue:0,lastNonce:86,voters:9
[2022-10-17T09:00:31.455] [WARN] default - needBreak--chainid:1,nftAddress:0xED5AF388653567Af2F388E6224dC7C4b3241C544,tokenid:1015,nonce:21,finalValue:0,lastNonce:86,voters:14
[2022-10-17T09:00:53.023] [WARN] default - needBreak--chainid:1,nftAddress:0xBD4455dA5929D5639EE098ABFaa3241e9ae111Af,tokenid:1015,nonce:23,finalValue:0,lastNonce:86,voters:9
[2022-10-17T09:00:59.044] [WARN] default - needBreak--chainid:1,nftAddress:0xBC4CA0EdA7647A8aB7C2061c2E118A18a936f13D,tokenid:1015,nonce:23,finalValue:0,lastNonce:102,voters:6
[2022-10-17T09:04:34.816] [WARN] default - needBreak--chainid:1,nftAddress:0xED5AF388653567Af2F388E6224dC7C4b3241C544,tokenid:1015,nonce:26,finalValue:0,lastNonce:86,voters:22
[2022-10-17T09:04:52.553] [WARN] default - needBreak--chainid:1,nftAddress:0xBC4CA0EdA7647A8aB7C2061c2E118A18a936f13D,tokenid:1015,nonce:30,finalValue:0,lastNonce:102,voters:15
[2022-10-17T09:04:58.036] [WARN] default - needBreak--chainid:1,nftAddress:0xBD4455dA5929D5639EE098ABFaa3241e9ae111Af,tokenid:1015,nonce:30,finalValue:0,lastNonce:86,voters:6
[2022-10-17T09:05:12.216] [WARN] default - needBreak--chainid:1,nftAddress:0x34d85c9CDeB23FA97cb08333b511ac86E1C4E258,tokenid:1015,nonce:23,finalValue:0,lastNonce:67,voters:17
[2022-10-17T09:05:46.920] [WARN] default - needBreak--chainid:1,nftAddress:0xED5AF388653567Af2F388E6224dC7C4b3241C544,tokenid:1015,nonce:27,finalValue:0,lastNonce:86,voters:26
[2022-10-17T09:05:56.454] [WARN] default - needBreak--chainid:1,nftAddress:0xBC4CA0EdA7647A8aB7C2061c2E118A18a936f13D,tokenid:1015,nonce:31,finalValue:0,lastNonce:102,voters:23
[2022-10-17T09:06:10.683] [WARN] default - needBreak--chainid:1,nftAddress:0x34d85c9CDeB23FA97cb08333b511ac86E1C4E258,tokenid:1015,nonce:24,finalValue:0,lastNonce:67,voters:8
[2022-10-17T09:06:20.345] [WARN] default - needBreak--chainid:1,nftAddress:0xBC4CA0EdA7647A8aB7C2061c2E118A18a936f13D,tokenid:9955,nonce:18,finalValue:0,lastNonce:40,voters:10
[2022-10-17T09:06:42.229] [WARN] default - needBreak--chainid:1,nftAddress:0x49cF6f5d44E70224e2E23fDcdd2C053F30aDA28B,tokenid:1015,nonce:17,finalValue:0,lastNonce:46,voters:9
[2022-10-17T09:07:12.576] [WARN] default - needBreak--chainid:1,nftAddress:0x3bf2922f4520a8BA0c2eFC3D2a1539678DaD5e9D,tokenid:7563,nonce:3,finalValue:0,lastNonce:16,voters:7
[2022-10-17T09:09:09.964] [WARN] default - needBreak--chainid:1,nftAddress:0xcE6E3a14B5F8cE2b05aF0F117Dc922769779aA3b,tokenid:8424,nonce:1,finalValue:0,lastNonce:3,voters:20
[2022-10-17T09:09:36.143] [WARN] default - needBreak--chainid:1,nftAddress:0xBC4CA0EdA7647A8aB7C2061c2E118A18a936f13D,tokenid:1015,nonce:36,finalValue:0,lastNonce:103,voters:8
[2022-10-17T09:14:57.446] [WARN] default - needBreak--chainid:1,nftAddress:0xED5AF388653567Af2F388E6224dC7C4b3241C544,tokenid:1015,nonce:40,finalValue:0,lastNonce:86,voters:7
[2022-10-17T09:17:42.008] [WARN] default - needBreak--chainid:1,nftAddress:0xBC4CA0EdA7647A8aB7C2061c2E118A18a936f13D,tokenid:9955,nonce:25,finalValue:0,lastNonce:40,voters:8
[2022-10-17T09:19:59.392] [WARN] default - needBreak--chainid:1,nftAddress:0xBC4CA0EdA7647A8aB7C2061c2E118A18a936f13D,tokenid:115,nonce:3,finalValue:0,lastNonce:8,voters:5
[2022-10-17T09:23:31.002] [WARN] default - needBreak--chainid:1,nftAddress:0xBD4455dA5929D5639EE098ABFaa3241e9ae111Af,tokenid:1015,nonce:52,finalValue:0,lastNonce:86,voters:17
[2022-10-17T09:24:45.123] [WARN] default - needBreak--chainid:1,nftAddress:0xBD4455dA5929D5639EE098ABFaa3241e9ae111Af,tokenid:1015,nonce:55,finalValue:0,lastNonce:86,voters:12
[2022-10-17T09:24:53.903] [WARN] default - needBreak--chainid:1,nftAddress:0x49cF6f5d44E70224e2E23fDcdd2C053F30aDA28B,tokenid:1015,nonce:27,finalValue:0,lastNonce:46,voters:35
[2022-10-17T09:25:54.233] [WARN] default - needBreak--chainid:1,nftAddress:0x34d85c9CDeB23FA97cb08333b511ac86E1C4E258,tokenid:1015,nonce:41,finalValue:0,lastNonce:67,voters:6
[2022-10-17T09:28:08.473] [WARN] default - needBreak--chainid:137,nftAddress:0x03e055692e77e56aBf7f5570D9c64C194BA15616,tokenid:4807,nonce:1,finalValue:0,lastNonce:2,voters:5
[2022-10-17T09:29:05.425] [WARN] default - needBreak--chainid:1,nftAddress:0x49cF6f5d44E70224e2E23fDcdd2C053F30aDA28B,tokenid:1015,nonce:30,finalValue:0,lastNonce:46,voters:5
[2022-10-17T09:30:07.400] [WARN] default - needBreak--chainid:1,nftAddress:0xBC4CA0EdA7647A8aB7C2061c2E118A18a936f13D,tokenid:1015,nonce:65,finalValue:0,lastNonce:103,voters:13
[2022-10-17T09:30:15.416] [WARN] default - needBreak--chainid:1,nftAddress:0x209e639a0EC166Ac7a1A4bA41968fa967dB30221,tokenid:7954,nonce:6,finalValue:0,lastNonce:12,voters:11
[2022-10-17T09:30:40.705] [WARN] default - needBreak--chainid:1,nftAddress:0xBC4CA0EdA7647A8aB7C2061c2E118A18a936f13D,tokenid:1015,nonce:66,finalValue:0,lastNonce:103,voters:13
[2022-10-17T09:31:04.280] [WARN] default - needBreak--chainid:1,nftAddress:0xBC4CA0EdA7647A8aB7C2061c2E118A18a936f13D,tokenid:1015,nonce:67,finalValue:0,lastNonce:103,voters:12
[2022-10-17T09:31:40.998] [WARN] default - needBreak--chainid:1,nftAddress:0xED5AF388653567Af2F388E6224dC7C4b3241C544,tokenid:1015,nonce:56,finalValue:0,lastNonce:86,voters:10
[2022-10-17T09:32:28.376] [WARN] default - needBreak--chainid:1,nftAddress:0xBD4455dA5929D5639EE098ABFaa3241e9ae111Af,tokenid:1015,nonce:59,finalValue:0,lastNonce:86,voters:14
[2022-10-17T09:33:40.219] [WARN] default - needBreak--chainid:1,nftAddress:0xBD4455dA5929D5639EE098ABFaa3241e9ae111Af,tokenid:1015,nonce:61,finalValue:0,lastNonce:86,voters:7
[2022-10-17T09:34:22.365] [WARN] default - needBreak--chainid:1,nftAddress:0xBD4455dA5929D5639EE098ABFaa3241e9ae111Af,tokenid:1015,nonce:64,finalValue:0,lastNonce:86,voters:5
[2022-10-17T09:36:29.204] [WARN] default - needBreak--chainid:1,nftAddress:0xBC4CA0EdA7647A8aB7C2061c2E118A18a936f13D,tokenid:1015,nonce:76,finalValue:0,lastNonce:103,voters:19
[2022-10-17T09:37:00.538] [WARN] default - needBreak--chainid:1,nftAddress:0x34d85c9CDeB23FA97cb08333b511ac86E1C4E258,tokenid:1015,nonce:52,finalValue:0,lastNonce:68,voters:16
[2022-10-17T09:39:00.680] [WARN] default - needBreak--chainid:1,nftAddress:0xBD4455dA5929D5639EE098ABFaa3241e9ae111Af,tokenid:1015,nonce:72,finalValue:0,lastNonce:86,voters:8
[2022-10-17T09:41:23.796] [WARN] default - needBreak--chainid:1,nftAddress:0x49cF6f5d44E70224e2E23fDcdd2C053F30aDA28B,tokenid:68,nonce:4,finalValue:0,lastNonce:5,voters:8
[2022-10-17T09:42:03.332] [WARN] default - needBreak--chainid:1,nftAddress:0x34d85c9CDeB23FA97cb08333b511ac86E1C4E258,tokenid:1015,nonce:56,finalValue:0,lastNonce:68,voters:14
[2022-10-17T09:45:20.920] [WARN] default - needBreak--chainid:1,nftAddress:0xbCe3781ae7Ca1a5e050Bd9C4c77369867eBc307e,tokenid:1015,nonce:12,finalValue:0,lastNonce:13,voters:15
[2022-10-17T09:48:24.088] [WARN] default - needBreak--chainid:1,nftAddress:0xED5AF388653567Af2F388E6224dC7C4b3241C544,tokenid:1015,nonce:76,finalValue:0,lastNonce:87,voters:15
[2022-10-17T09:50:06.322] [WARN] default - needBreak--chainid:1,nftAddress:0xED5AF388653567Af2F388E6224dC7C4b3241C544,tokenid:1015,nonce:80,finalValue:0,lastNonce:87,voters:7
[2022-10-17T09:50:38.108] [WARN] default - needBreak--chainid:1,nftAddress:0xBC4CA0EdA7647A8aB7C2061c2E118A18a936f13D,tokenid:1015,nonce:97,finalValue:0,lastNonce:104,voters:7
